2017-09-19 15:23:00,995 [Worker-1] INFO  c.g.t.t.d.PublishedGradleVersions - Gradle version information cache is not available. Remote download required.
2017-09-19 15:35:59,863 [Worker-5] INFO  c.g.t.t.d.PublishedGradleVersions - Gradle version information cache is up-to-date. Trying to read.
2017-09-19 15:37:53,062 [Worker-5] INFO  o.e.m.c.i.l.LifecycleMappingFactory - Using org.maven.ide.eclipse.wtp.WarLifecycleMapping lifecycle mapping for MavenProject: ptit.hungvu:JerseyRESTful:0.0.1-SNAPSHOT @ D:\VuTheHung\WorkSpace\Eclipse\JerseyRESTful\pom.xml.
2017-09-19 15:37:53,061 [Worker-0] INFO  o.e.m.c.i.l.LifecycleMappingFactory - Using org.maven.ide.eclipse.wtp.WarLifecycleMapping lifecycle mapping for MavenProject: ptit.hungvu:JerseyRESTful:0.0.1-SNAPSHOT @ D:\VuTheHung\WorkSpace\Eclipse\JerseyRESTful\pom.xml.
2017-09-19 15:37:55,164 [Worker-5] WARN  o.e.m.c.i.embedder.EclipseLogger - Using platform encoding (Cp1258 actually) to copy filtered resources, i.e. build is platform dependent!
2017-09-19 15:37:55,172 [Worker-5] INFO  o.e.m.c.i.embedder.EclipseLogger - Copying 0 resource
2017-09-19 15:37:55,178 [Worker-5] WARN  o.e.m.c.i.embedder.EclipseLogger - Using platform encoding (Cp1258 actually) to copy filtered resources, i.e. build is platform dependent!
2017-09-19 15:37:55,180 [Worker-5] INFO  o.e.m.c.i.embedder.EclipseLogger - skip non existing resourceDirectory D:\VuTheHung\WorkSpace\Eclipse\JerseyRESTful\src\test\resources
2017-09-19 15:37:55,705 [Worker-2] WARN  o.e.m.c.i.embedder.EclipseLogger - Using platform encoding (Cp1258 actually) to copy filtered resources, i.e. build is platform dependent!
2017-09-19 15:37:55,731 [Worker-2] INFO  o.e.m.c.i.embedder.EclipseLogger - Copying 0 resource
2017-09-19 15:37:55,733 [Worker-2] WARN  o.e.m.c.i.embedder.EclipseLogger - Using platform encoding (Cp1258 actually) to copy filtered resources, i.e. build is platform dependent!
2017-09-19 15:37:55,734 [Worker-2] INFO  o.e.m.c.i.embedder.EclipseLogger - skip non existing resourceDirectory D:\VuTheHung\WorkSpace\Eclipse\JerseyRESTful\src\test\resources
2017-09-19 15:37:57,370 [Worker-2] INFO  o.e.m.c.i.l.LifecycleMappingFactory - Using org.maven.ide.eclipse.wtp.WarLifecycleMapping lifecycle mapping for MavenProject: ptit.hungvu:JerseyRESTful:0.0.1-SNAPSHOT @ D:\VuTheHung\WorkSpace\Eclipse\JerseyRESTful\pom.xml.
2017-09-19 15:37:59,345 [Worker-3] WARN  o.e.m.c.i.embedder.EclipseLogger - Using platform encoding (Cp1258 actually) to copy filtered resources, i.e. build is platform dependent!
2017-09-19 15:37:59,349 [Worker-3] INFO  o.e.m.c.i.embedder.EclipseLogger - Copying 0 resource
2017-09-19 15:37:59,353 [Worker-3] WARN  o.e.m.c.i.embedder.EclipseLogger - Using platform encoding (Cp1258 actually) to copy filtered resources, i.e. build is platform dependent!
2017-09-19 15:37:59,354 [Worker-3] INFO  o.e.m.c.i.embedder.EclipseLogger - skip non existing resourceDirectory D:\VuTheHung\WorkSpace\Eclipse\JerseyRESTful\src\test\resources
2017-09-19 15:40:54,011 [Worker-16] INFO  o.e.m.c.i.l.LifecycleMappingFactory - Using org.maven.ide.eclipse.wtp.WarLifecycleMapping lifecycle mapping for MavenProject: ptit.hungvu:HelloSpringMVC:0.0.1-SNAPSHOT @ D:\VuTheHung\WorkSpace\Eclipse\SpringMVC\pom.xml.
2017-09-19 15:40:58,139 [Worker-3] INFO  o.e.m.c.i.l.LifecycleMappingFactory - Using org.eclipse.m2e.jdt.JarLifecycleMapping lifecycle mapping for MavenProject: ptit.hungvu:HotelControl:0.0.1-SNAPSHOT @ D:\VuTheHung\WorkSpace\Eclipse\HotelControl\pom.xml.
2017-09-19 15:40:59,190 [Worker-3] WARN  o.e.m.c.i.embedder.EclipseLogger - Using platform encoding (Cp1258 actually) to copy filtered resources, i.e. build is platform dependent!
2017-09-19 15:40:59,192 [Worker-3] INFO  o.e.m.c.i.embedder.EclipseLogger - Copying 0 resource
2017-09-19 15:40:59,194 [Worker-3] WARN  o.e.m.c.i.embedder.EclipseLogger - Using platform encoding (Cp1258 actually) to copy filtered resources, i.e. build is platform dependent!
2017-09-19 15:40:59,196 [Worker-3] INFO  o.e.m.c.i.embedder.EclipseLogger - Copying 0 resource
2017-09-19 15:40:59,551 [Worker-3] INFO  o.e.m.c.i.l.LifecycleMappingFactory - Using org.eclipse.m2e.jdt.JarLifecycleMapping lifecycle mapping for MavenProject: ptit:JDBC-Learning:0.0.1-SNAPSHOT @ D:\VuTheHung\WorkSpace\Eclipse\JDBC-Learning\pom.xml.
2017-09-19 15:40:59,853 [Worker-3] WARN  o.e.m.c.i.embedder.EclipseLogger - Using platform encoding (Cp1258 actually) to copy filtered resources, i.e. build is platform dependent!
2017-09-19 15:40:59,854 [Worker-3] INFO  o.e.m.c.i.embedder.EclipseLogger - Copying 0 resource
2017-09-19 15:40:59,856 [Worker-3] WARN  o.e.m.c.i.embedder.EclipseLogger - Using platform encoding (Cp1258 actually) to copy filtered resources, i.e. build is platform dependent!
2017-09-19 15:40:59,858 [Worker-3] INFO  o.e.m.c.i.embedder.EclipseLogger - Copying 0 resource
2017-09-19 15:41:01,714 [Worker-14] WARN  o.e.m.c.i.embedder.EclipseLogger - Using platform encoding (Cp1258 actually) to copy filtered resources, i.e. build is platform dependent!
2017-09-19 15:41:01,716 [Worker-14] INFO  o.e.m.c.i.embedder.EclipseLogger - Copying 0 resource
2017-09-19 15:41:01,718 [Worker-14] WARN  o.e.m.c.i.embedder.EclipseLogger - Using platform encoding (Cp1258 actually) to copy filtered resources, i.e. build is platform dependent!
2017-09-19 15:41:01,721 [Worker-14] INFO  o.e.m.c.i.embedder.EclipseLogger - Copying 0 resource
2017-09-19 15:41:01,922 [Worker-14] WARN  o.e.m.c.i.embedder.EclipseLogger - Using platform encoding (Cp1258 actually) to copy filtered resources, i.e. build is platform dependent!
2017-09-19 15:41:01,923 [Worker-14] INFO  o.e.m.c.i.embedder.EclipseLogger - Copying 0 resource
2017-09-19 15:41:01,927 [Worker-14] WARN  o.e.m.c.i.embedder.EclipseLogger - Using platform encoding (Cp1258 actually) to copy filtered resources, i.e. build is platform dependent!
2017-09-19 15:41:01,928 [Worker-14] INFO  o.e.m.c.i.embedder.EclipseLogger - Copying 0 resource
2017-09-19 15:41:02,215 [Worker-14] INFO  o.e.m.c.i.l.LifecycleMappingFactory - Using org.eclipse.m2e.jdt.JarLifecycleMapping lifecycle mapping for MavenProject: ptit.hungvu:HelloSpringAnnotation:0.0.1-SNAPSHOT @ D:\VuTheHung\WorkSpace\Eclipse\SpringAnnotation\pom.xml.
2017-09-19 15:41:02,563 [Worker-14] INFO  o.e.m.c.i.embedder.EclipseLogger - Using 'UTF-8' encoding to copy filtered resources.
2017-09-19 15:41:02,566 [Worker-14] INFO  o.e.m.c.i.embedder.EclipseLogger - skip non existing resourceDirectory D:\VuTheHung\WorkSpace\Eclipse\SpringAnnotation\src\main\resources
2017-09-19 15:41:02,569 [Worker-14] INFO  o.e.m.c.i.embedder.EclipseLogger - Using 'UTF-8' encoding to copy filtered resources.
2017-09-19 15:41:02,570 [Worker-14] INFO  o.e.m.c.i.embedder.EclipseLogger - skip non existing resourceDirectory D:\VuTheHung\WorkSpace\Eclipse\SpringAnnotation\src\test\resources
2017-09-19 15:41:02,916 [Worker-14] INFO  o.e.m.c.i.l.LifecycleMappingFactory - Using org.maven.ide.eclipse.wtp.WarLifecycleMapping lifecycle mapping for MavenProject: ptit.hungvu:SpringInterceptor:0.0.1-SNAPSHOT @ D:\VuTheHung\WorkSpace\Eclipse\SpringInterceptor\pom.xml.
2017-09-19 15:41:05,884 [Worker-14] WARN  o.e.m.c.i.embedder.EclipseLogger - Using platform encoding (Cp1258 actually) to copy filtered resources, i.e. build is platform dependent!
2017-09-19 15:41:05,886 [Worker-14] INFO  o.e.m.c.i.embedder.EclipseLogger - Copying 3 resources
2017-09-19 15:41:05,970 [Worker-14] WARN  o.e.m.c.i.embedder.EclipseLogger - Using platform encoding (Cp1258 actually) to copy filtered resources, i.e. build is platform dependent!
2017-09-19 15:41:05,972 [Worker-14] INFO  o.e.m.c.i.embedder.EclipseLogger - skip non existing resourceDirectory D:\VuTheHung\WorkSpace\Eclipse\SpringInterceptor\src\test\resources
2017-09-19 15:41:06,904 [Worker-11] INFO  o.e.m.c.i.embedder.EclipseLogger - Using 'UTF-8' encoding to copy filtered resources.
2017-09-19 15:41:06,904 [Worker-11] INFO  o.e.m.c.i.embedder.EclipseLogger - skip non existing resourceDirectory D:\VuTheHung\WorkSpace\Eclipse\SpringAnnotation\src\main\resources
2017-09-19 15:41:06,909 [Worker-11] INFO  o.e.m.c.i.embedder.EclipseLogger - Using 'UTF-8' encoding to copy filtered resources.
2017-09-19 15:41:06,913 [Worker-11] INFO  o.e.m.c.i.embedder.EclipseLogger - skip non existing resourceDirectory D:\VuTheHung\WorkSpace\Eclipse\SpringAnnotation\src\test\resources
2017-09-19 15:41:07,397 [Worker-11] WARN  o.e.m.c.i.embedder.EclipseLogger - Using platform encoding (Cp1258 actually) to copy filtered resources, i.e. build is platform dependent!
2017-09-19 15:41:07,399 [Worker-11] INFO  o.e.m.c.i.embedder.EclipseLogger - Copying 3 resources
2017-09-19 15:41:07,406 [Worker-11] WARN  o.e.m.c.i.embedder.EclipseLogger - Using platform encoding (Cp1258 actually) to copy filtered resources, i.e. build is platform dependent!
2017-09-19 15:41:07,407 [Worker-11] INFO  o.e.m.c.i.embedder.EclipseLogger - skip non existing resourceDirectory D:\VuTheHung\WorkSpace\Eclipse\SpringInterceptor\src\test\resources
2017-09-19 15:41:09,618 [Worker-17] WARN  o.e.m.c.i.embedder.EclipseLogger - Using platform encoding (Cp1258 actually) to copy filtered resources, i.e. build is platform dependent!
2017-09-19 15:41:09,619 [Worker-17] INFO  o.e.m.c.i.embedder.EclipseLogger - Copying 0 resource
2017-09-19 15:41:09,621 [Worker-17] WARN  o.e.m.c.i.embedder.EclipseLogger - Using platform encoding (Cp1258 actually) to copy filtered resources, i.e. build is platform dependent!
2017-09-19 15:41:09,622 [Worker-17] INFO  o.e.m.c.i.embedder.EclipseLogger - skip non existing resourceDirectory D:\VuTheHung\WorkSpace\Eclipse\SpringMVC\src\test\resources
2017-09-19 15:41:10,464 [Worker-5] INFO  o.e.m.c.i.l.LifecycleMappingFactory - Using org.maven.ide.eclipse.wtp.WarLifecycleMapping lifecycle mapping for MavenProject: ptit.hungvu:SpringMVCStaticResource:0.0.1-SNAPSHOT @ D:\VuTheHung\WorkSpace\Eclipse\SpringMVCStaticResource\pom.xml.
2017-09-19 15:41:11,317 [Worker-5] WARN  o.e.m.c.i.embedder.EclipseLogger - Using platform encoding (Cp1258 actually) to copy filtered resources, i.e. build is platform dependent!
2017-09-19 15:41:11,318 [Worker-5] INFO  o.e.m.c.i.embedder.EclipseLogger - skip non existing resourceDirectory D:\VuTheHung\WorkSpace\Eclipse\SpringMVCStaticResource\src\main\resources
2017-09-19 15:41:11,319 [Worker-5] WARN  o.e.m.c.i.embedder.EclipseLogger - Using platform encoding (Cp1258 actually) to copy filtered resources, i.e. build is platform dependent!
2017-09-19 15:41:11,320 [Worker-5] INFO  o.e.m.c.i.embedder.EclipseLogger - skip non existing resourceDirectory D:\VuTheHung\WorkSpace\Eclipse\SpringMVCStaticResource\src\test\resources
2017-09-19 15:41:12,365 [Worker-3] WARN  o.e.m.c.i.embedder.EclipseLogger - Using platform encoding (Cp1258 actually) to copy filtered resources, i.e. build is platform dependent!
2017-09-19 15:41:12,366 [Worker-3] INFO  o.e.m.c.i.embedder.EclipseLogger - skip non existing resourceDirectory D:\VuTheHung\WorkSpace\Eclipse\SpringMVCStaticResource\src\main\resources
2017-09-19 15:41:12,377 [Worker-3] WARN  o.e.m.c.i.embedder.EclipseLogger - Using platform encoding (Cp1258 actually) to copy filtered resources, i.e. build is platform dependent!
2017-09-19 15:41:12,378 [Worker-3] INFO  o.e.m.c.i.embedder.EclipseLogger - skip non existing resourceDirectory D:\VuTheHung\WorkSpace\Eclipse\SpringMVCStaticResource\src\test\resources
2017-09-19 15:41:12,697 [Worker-3] INFO  o.e.m.c.i.l.LifecycleMappingFactory - Using org.maven.ide.eclipse.wtp.WarLifecycleMapping lifecycle mapping for MavenProject: ptit.hungvu:SpringUploadFiles:0.0.1-SNAPSHOT @ D:\VuTheHung\WorkSpace\Eclipse\SpringUploadFiles\pom.xml.
2017-09-19 15:41:13,487 [Worker-3] WARN  o.e.m.c.i.embedder.EclipseLogger - Using platform encoding (Cp1258 actually) to copy filtered resources, i.e. build is platform dependent!
2017-09-19 15:41:13,488 [Worker-3] INFO  o.e.m.c.i.embedder.EclipseLogger - Copying 0 resource
2017-09-19 15:41:13,490 [Worker-3] WARN  o.e.m.c.i.embedder.EclipseLogger - Using platform encoding (Cp1258 actually) to copy filtered resources, i.e. build is platform dependent!
2017-09-19 15:41:13,491 [Worker-3] INFO  o.e.m.c.i.embedder.EclipseLogger - skip non existing resourceDirectory D:\VuTheHung\WorkSpace\Eclipse\SpringUploadFiles\src\test\resources
2017-09-19 15:41:14,162 [Worker-6] WARN  o.e.m.c.i.embedder.EclipseLogger - Using platform encoding (Cp1258 actually) to copy filtered resources, i.e. build is platform dependent!
2017-09-19 15:41:14,163 [Worker-6] INFO  o.e.m.c.i.embedder.EclipseLogger - Copying 0 resource
2017-09-19 15:41:14,168 [Worker-6] WARN  o.e.m.c.i.embedder.EclipseLogger - Using platform encoding (Cp1258 actually) to copy filtered resources, i.e. build is platform dependent!
2017-09-19 15:41:14,169 [Worker-6] INFO  o.e.m.c.i.embedder.EclipseLogger - skip non existing resourceDirectory D:\VuTheHung\WorkSpace\Eclipse\SpringUploadFiles\src\test\resources
2017-09-19 15:42:00,240 [Worker-14] INFO  o.e.m.i.launch.MavenLaunchDelegate - D:\VuTheHung\WorkSpace\Eclipse\SpringMVCStaticResource
2017-09-19 15:42:00,242 [Worker-14] INFO  o.e.m.i.launch.MavenLaunchDelegate -  mvn -B install
2017-09-19 15:42:08,934 [Worker-7] WARN  o.e.m.c.i.embedder.EclipseLogger - Using platform encoding (Cp1258 actually) to copy filtered resources, i.e. build is platform dependent!
2017-09-19 15:42:08,935 [Worker-7] INFO  o.e.m.c.i.embedder.EclipseLogger - skip non existing resourceDirectory D:\VuTheHung\WorkSpace\Eclipse\SpringMVCStaticResource\src\main\resources
2017-09-19 15:42:08,937 [Worker-7] WARN  o.e.m.c.i.embedder.EclipseLogger - Using platform encoding (Cp1258 actually) to copy filtered resources, i.e. build is platform dependent!
2017-09-19 15:42:08,938 [Worker-7] INFO  o.e.m.c.i.embedder.EclipseLogger - skip non existing resourceDirectory D:\VuTheHung\WorkSpace\Eclipse\SpringMVCStaticResource\src\test\resources
2017-09-19 15:45:23,788 [Worker-9] WARN  o.e.m.c.i.embedder.EclipseLogger - Using platform encoding (Cp1258 actually) to copy filtered resources, i.e. build is platform dependent!
2017-09-19 15:45:23,789 [Worker-9] INFO  o.e.m.c.i.embedder.EclipseLogger - Copying 0 resource
2017-09-19 15:45:23,800 [Worker-9] WARN  o.e.m.c.i.embedder.EclipseLogger - Using platform encoding (Cp1258 actually) to copy filtered resources, i.e. build is platform dependent!
2017-09-19 15:45:23,802 [Worker-9] INFO  o.e.m.c.i.embedder.EclipseLogger - Copying 0 resource
2017-09-19 15:45:23,831 [Worker-9] WARN  o.e.m.c.i.embedder.EclipseLogger - Using platform encoding (Cp1258 actually) to copy filtered resources, i.e. build is platform dependent!
2017-09-19 15:45:23,832 [Worker-9] INFO  o.e.m.c.i.embedder.EclipseLogger - Copying 0 resource
2017-09-19 15:45:23,834 [Worker-9] WARN  o.e.m.c.i.embedder.EclipseLogger - Using platform encoding (Cp1258 actually) to copy filtered resources, i.e. build is platform dependent!
2017-09-19 15:45:23,835 [Worker-9] INFO  o.e.m.c.i.embedder.EclipseLogger - Copying 0 resource
2017-09-19 15:45:23,977 [Worker-9] WARN  o.e.m.c.i.embedder.EclipseLogger - Using platform encoding (Cp1258 actually) to copy filtered resources, i.e. build is platform dependent!
2017-09-19 15:45:23,978 [Worker-9] INFO  o.e.m.c.i.embedder.EclipseLogger - Copying 0 resource
2017-09-19 15:45:23,980 [Worker-9] WARN  o.e.m.c.i.embedder.EclipseLogger - Using platform encoding (Cp1258 actually) to copy filtered resources, i.e. build is platform dependent!
2017-09-19 15:45:23,981 [Worker-9] INFO  o.e.m.c.i.embedder.EclipseLogger - skip non existing resourceDirectory D:\VuTheHung\WorkSpace\Eclipse\JerseyRESTful\src\test\resources
2017-09-19 15:45:24,041 [Worker-9] INFO  o.e.m.c.i.embedder.EclipseLogger - Using 'UTF-8' encoding to copy filtered resources.
2017-09-19 15:45:24,041 [Worker-9] INFO  o.e.m.c.i.embedder.EclipseLogger - skip non existing resourceDirectory D:\VuTheHung\WorkSpace\Eclipse\SpringAnnotation\src\main\resources
2017-09-19 15:45:24,043 [Worker-9] INFO  o.e.m.c.i.embedder.EclipseLogger - Using 'UTF-8' encoding to copy filtered resources.
2017-09-19 15:45:24,044 [Worker-9] INFO  o.e.m.c.i.embedder.EclipseLogger - skip non existing resourceDirectory D:\VuTheHung\WorkSpace\Eclipse\SpringAnnotation\src\test\resources
2017-09-19 15:45:24,124 [Worker-9] WARN  o.e.m.c.i.embedder.EclipseLogger - Using platform encoding (Cp1258 actually) to copy filtered resources, i.e. build is platform dependent!
2017-09-19 15:45:24,125 [Worker-9] INFO  o.e.m.c.i.embedder.EclipseLogger - Copying 0 resource
2017-09-19 15:45:24,127 [Worker-9] WARN  o.e.m.c.i.embedder.EclipseLogger - Using platform encoding (Cp1258 actually) to copy filtered resources, i.e. build is platform dependent!
2017-09-19 15:45:24,128 [Worker-9] INFO  o.e.m.c.i.embedder.EclipseLogger - skip non existing resourceDirectory D:\VuTheHung\WorkSpace\Eclipse\SpringInterceptor\src\test\resources
2017-09-19 15:45:24,204 [Worker-9] WARN  o.e.m.c.i.embedder.EclipseLogger - Using platform encoding (Cp1258 actually) to copy filtered resources, i.e. build is platform dependent!
2017-09-19 15:45:24,205 [Worker-9] INFO  o.e.m.c.i.embedder.EclipseLogger - Copying 0 resource
2017-09-19 15:45:24,207 [Worker-9] WARN  o.e.m.c.i.embedder.EclipseLogger - Using platform encoding (Cp1258 actually) to copy filtered resources, i.e. build is platform dependent!
2017-09-19 15:45:24,208 [Worker-9] INFO  o.e.m.c.i.embedder.EclipseLogger - skip non existing resourceDirectory D:\VuTheHung\WorkSpace\Eclipse\SpringMVC\src\test\resources
2017-09-19 15:45:24,283 [Worker-9] WARN  o.e.m.c.i.embedder.EclipseLogger - Using platform encoding (Cp1258 actually) to copy filtered resources, i.e. build is platform dependent!
2017-09-19 15:45:24,284 [Worker-9] INFO  o.e.m.c.i.embedder.EclipseLogger - skip non existing resourceDirectory D:\VuTheHung\WorkSpace\Eclipse\SpringMVCStaticResource\src\main\resources
2017-09-19 15:45:24,286 [Worker-9] WARN  o.e.m.c.i.embedder.EclipseLogger - Using platform encoding (Cp1258 actually) to copy filtered resources, i.e. build is platform dependent!
2017-09-19 15:45:24,287 [Worker-9] INFO  o.e.m.c.i.embedder.EclipseLogger - skip non existing resourceDirectory D:\VuTheHung\WorkSpace\Eclipse\SpringMVCStaticResource\src\test\resources
2017-09-19 15:45:24,434 [Worker-9] WARN  o.e.m.c.i.embedder.EclipseLogger - Using platform encoding (Cp1258 actually) to copy filtered resources, i.e. build is platform dependent!
2017-09-19 15:45:24,435 [Worker-9] INFO  o.e.m.c.i.embedder.EclipseLogger - Copying 0 resource
2017-09-19 15:45:24,437 [Worker-9] WARN  o.e.m.c.i.embedder.EclipseLogger - Using platform encoding (Cp1258 actually) to copy filtered resources, i.e. build is platform dependent!
2017-09-19 15:45:24,438 [Worker-9] INFO  o.e.m.c.i.embedder.EclipseLogger - skip non existing resourceDirectory D:\VuTheHung\WorkSpace\Eclipse\SpringUploadFiles\src\test\resources
2017-09-19 15:51:03,912 [Worker-3] INFO  c.g.t.t.d.PublishedGradleVersions - Gradle version information cache is up-to-date. Trying to read.
2017-09-19 15:51:14,629 [Worker-5] WARN  o.e.m.c.i.embedder.EclipseLogger - Using platform encoding (Cp1258 actually) to copy filtered resources, i.e. build is platform dependent!
2017-09-19 15:51:14,691 [Worker-5] INFO  o.e.m.c.i.embedder.EclipseLogger - Copying 0 resource
2017-09-19 15:51:14,715 [Worker-5] WARN  o.e.m.c.i.embedder.EclipseLogger - Using platform encoding (Cp1258 actually) to copy filtered resources, i.e. build is platform dependent!
2017-09-19 15:51:14,716 [Worker-5] INFO  o.e.m.c.i.embedder.EclipseLogger - Copying 0 resource
2017-09-19 15:51:18,767 [Worker-9] WARN  o.e.m.c.i.embedder.EclipseLogger - Using platform encoding (Cp1258 actually) to copy filtered resources, i.e. build is platform dependent!
2017-09-19 15:51:18,769 [Worker-9] INFO  o.e.m.c.i.embedder.EclipseLogger - Copying 0 resource
2017-09-19 15:51:18,773 [Worker-9] WARN  o.e.m.c.i.embedder.EclipseLogger - Using platform encoding (Cp1258 actually) to copy filtered resources, i.e. build is platform dependent!
2017-09-19 15:51:18,775 [Worker-9] INFO  o.e.m.c.i.embedder.EclipseLogger - Copying 0 resource
2017-09-19 15:51:19,216 [Worker-9] WARN  o.e.m.c.i.embedder.EclipseLogger - Using platform encoding (Cp1258 actually) to copy filtered resources, i.e. build is platform dependent!
2017-09-19 15:51:19,218 [Worker-9] INFO  o.e.m.c.i.embedder.EclipseLogger - Copying 0 resource
2017-09-19 15:51:19,222 [Worker-9] WARN  o.e.m.c.i.embedder.EclipseLogger - Using platform encoding (Cp1258 actually) to copy filtered resources, i.e. build is platform dependent!
2017-09-19 15:51:19,223 [Worker-9] INFO  o.e.m.c.i.embedder.EclipseLogger - skip non existing resourceDirectory D:\VuTheHung\WorkSpace\Eclipse\JerseyRESTful\src\test\resources
2017-09-19 15:51:21,594 [Worker-9] INFO  o.e.m.c.i.embedder.EclipseLogger - Using 'UTF-8' encoding to copy filtered resources.
2017-09-19 15:51:21,594 [Worker-9] INFO  o.e.m.c.i.embedder.EclipseLogger - skip non existing resourceDirectory D:\VuTheHung\WorkSpace\Eclipse\SpringAnnotation\src\main\resources
2017-09-19 15:51:21,597 [Worker-9] INFO  o.e.m.c.i.embedder.EclipseLogger - Using 'UTF-8' encoding to copy filtered resources.
2017-09-19 15:51:21,598 [Worker-9] INFO  o.e.m.c.i.embedder.EclipseLogger - skip non existing resourceDirectory D:\VuTheHung\WorkSpace\Eclipse\SpringAnnotation\src\test\resources
2017-09-19 15:51:21,756 [Worker-9] WARN  o.e.m.c.i.embedder.EclipseLogger - Using platform encoding (Cp1258 actually) to copy filtered resources, i.e. build is platform dependent!
2017-09-19 15:51:21,758 [Worker-9] INFO  o.e.m.c.i.embedder.EclipseLogger - Copying 3 resources
2017-09-19 15:51:21,770 [Worker-9] WARN  o.e.m.c.i.embedder.EclipseLogger - Using platform encoding (Cp1258 actually) to copy filtered resources, i.e. build is platform dependent!
2017-09-19 15:51:21,771 [Worker-9] INFO  o.e.m.c.i.embedder.EclipseLogger - skip non existing resourceDirectory D:\VuTheHung\WorkSpace\Eclipse\SpringInterceptor\src\test\resources
2017-09-19 15:51:22,003 [Worker-9] WARN  o.e.m.c.i.embedder.EclipseLogger - Using platform encoding (Cp1258 actually) to copy filtered resources, i.e. build is platform dependent!
2017-09-19 15:51:22,004 [Worker-9] INFO  o.e.m.c.i.embedder.EclipseLogger - Copying 0 resource
2017-09-19 15:51:22,007 [Worker-9] WARN  o.e.m.c.i.embedder.EclipseLogger - Using platform encoding (Cp1258 actually) to copy filtered resources, i.e. build is platform dependent!
2017-09-19 15:51:22,008 [Worker-9] INFO  o.e.m.c.i.embedder.EclipseLogger - skip non existing resourceDirectory D:\VuTheHung\WorkSpace\Eclipse\SpringMVC\src\test\resources
2017-09-19 15:51:22,168 [Worker-9] WARN  o.e.m.c.i.embedder.EclipseLogger - Using platform encoding (Cp1258 actually) to copy filtered resources, i.e. build is platform dependent!
2017-09-19 15:51:22,169 [Worker-9] INFO  o.e.m.c.i.embedder.EclipseLogger - skip non existing resourceDirectory D:\VuTheHung\WorkSpace\Eclipse\SpringMVCStaticResource\src\main\resources
2017-09-19 15:51:22,172 [Worker-9] WARN  o.e.m.c.i.embedder.EclipseLogger - Using platform encoding (Cp1258 actually) to copy filtered resources, i.e. build is platform dependent!
2017-09-19 15:51:22,174 [Worker-9] INFO  o.e.m.c.i.embedder.EclipseLogger - skip non existing resourceDirectory D:\VuTheHung\WorkSpace\Eclipse\SpringMVCStaticResource\src\test\resources
2017-09-19 15:51:22,373 [Worker-9] WARN  o.e.m.c.i.embedder.EclipseLogger - Using platform encoding (Cp1258 actually) to copy filtered resources, i.e. build is platform dependent!
2017-09-19 15:51:22,374 [Worker-9] INFO  o.e.m.c.i.embedder.EclipseLogger - Copying 0 resource
2017-09-19 15:51:22,379 [Worker-9] WARN  o.e.m.c.i.embedder.EclipseLogger - Using platform encoding (Cp1258 actually) to copy filtered resources, i.e. build is platform dependent!
2017-09-19 15:51:22,380 [Worker-9] INFO  o.e.m.c.i.embedder.EclipseLogger - skip non existing resourceDirectory D:\VuTheHung\WorkSpace\Eclipse\SpringUploadFiles\src\test\resources
2017-09-19 15:51:23,660 [Worker-17] WARN  o.e.m.c.i.embedder.EclipseLogger - Using platform encoding (Cp1258 actually) to copy filtered resources, i.e. build is platform dependent!
2017-09-19 15:51:23,667 [Worker-17] INFO  o.e.m.c.i.embedder.EclipseLogger - Copying 0 resource
2017-09-19 15:51:23,669 [Worker-17] WARN  o.e.m.c.i.embedder.EclipseLogger - Using platform encoding (Cp1258 actually) to copy filtered resources, i.e. build is platform dependent!
2017-09-19 15:51:23,670 [Worker-17] INFO  o.e.m.c.i.embedder.EclipseLogger - skip non existing resourceDirectory D:\VuTheHung\WorkSpace\Eclipse\SpringUploadFiles\src\test\resources
2017-09-19 15:53:42,978 [Worker-15] INFO  o.e.m.i.launch.MavenLaunchDelegate - D:\VuTheHung\WorkSpace\Eclipse\JerseyRESTful
2017-09-19 15:53:42,981 [Worker-15] INFO  o.e.m.i.launch.MavenLaunchDelegate -  mvn -B install
2017-09-19 15:53:52,251 [Worker-13] WARN  o.e.m.c.i.embedder.EclipseLogger - Using platform encoding (Cp1258 actually) to copy filtered resources, i.e. build is platform dependent!
2017-09-19 15:53:52,255 [Worker-13] INFO  o.e.m.c.i.embedder.EclipseLogger - Copying 0 resource
2017-09-19 15:53:52,258 [Worker-13] WARN  o.e.m.c.i.embedder.EclipseLogger - Using platform encoding (Cp1258 actually) to copy filtered resources, i.e. build is platform dependent!
2017-09-19 15:53:52,259 [Worker-13] INFO  o.e.m.c.i.embedder.EclipseLogger - skip non existing resourceDirectory D:\VuTheHung\WorkSpace\Eclipse\JerseyRESTful\src\test\resources
2017-09-19 15:55:15,540 [Worker-12] INFO  o.e.m.i.launch.MavenLaunchDelegate - D:\VuTheHung\WorkSpace\Eclipse\JerseyRESTful
2017-09-19 15:55:15,542 [Worker-12] INFO  o.e.m.i.launch.MavenLaunchDelegate -  mvn -B tomcat7:run
2017-09-19 15:55:44,543 [Worker-7] INFO  o.e.m.c.i.l.LifecycleMappingFactory - Using org.maven.ide.eclipse.wtp.WarLifecycleMapping lifecycle mapping for MavenProject: ptit.hungvu:SpringUploadFiles:0.0.1-SNAPSHOT @ D:\VuTheHung\WorkSpace\Eclipse\SpringUploadFiles\pom.xml.
2017-09-19 15:55:46,171 [Worker-15] WARN  o.e.m.c.i.embedder.EclipseLogger - Using platform encoding (Cp1258 actually) to copy filtered resources, i.e. build is platform dependent!
2017-09-19 15:55:46,173 [Worker-15] INFO  o.e.m.c.i.embedder.EclipseLogger - Copying 0 resource
2017-09-19 15:55:46,175 [Worker-15] WARN  o.e.m.c.i.embedder.EclipseLogger - Using platform encoding (Cp1258 actually) to copy filtered resources, i.e. build is platform dependent!
2017-09-19 15:55:46,176 [Worker-15] INFO  o.e.m.c.i.embedder.EclipseLogger - skip non existing resourceDirectory D:\VuTheHung\WorkSpace\Eclipse\SpringUploadFiles\src\test\resources
2017-09-19 15:55:52,226 [Worker-11] INFO  o.e.m.i.launch.MavenLaunchDelegate - D:\VuTheHung\WorkSpace\Eclipse\SpringUploadFiles
2017-09-19 15:55:52,226 [Worker-11] INFO  o.e.m.i.launch.MavenLaunchDelegate -  mvn -B install
2017-09-19 15:56:00,926 [Worker-7] WARN  o.e.m.c.i.embedder.EclipseLogger - Using platform encoding (Cp1258 actually) to copy filtered resources, i.e. build is platform dependent!
2017-09-19 15:56:00,928 [Worker-7] INFO  o.e.m.c.i.embedder.EclipseLogger - Copying 0 resource
2017-09-19 15:56:00,930 [Worker-7] WARN  o.e.m.c.i.embedder.EclipseLogger - Using platform encoding (Cp1258 actually) to copy filtered resources, i.e. build is platform dependent!
2017-09-19 15:56:00,931 [Worker-7] INFO  o.e.m.c.i.embedder.EclipseLogger - skip non existing resourceDirectory D:\VuTheHung\WorkSpace\Eclipse\SpringUploadFiles\src\test\resources
2017-09-19 15:57:15,979 [Worker-12] INFO  o.e.m.i.launch.MavenLaunchDelegate - D:\VuTheHung\WorkSpace\Eclipse\SpringUploadFiles
2017-09-19 15:57:15,979 [Worker-12] INFO  o.e.m.i.launch.MavenLaunchDelegate -  mvn -B tomcat7:run
2017-09-19 15:57:56,612 [Worker-2] INFO  o.e.m.i.launch.MavenLaunchDelegate - D:\VuTheHung\WorkSpace\Eclipse\SpringUploadFiles
2017-09-19 15:57:56,612 [Worker-2] INFO  o.e.m.i.launch.MavenLaunchDelegate -  mvn -B tomcat7:run
2017-09-19 15:59:14,894 [Worker-0] INFO  c.g.t.t.d.PublishedGradleVersions - Gradle version information cache is up-to-date. Trying to read.
2017-09-19 15:59:24,219 [Worker-6] WARN  o.e.m.c.i.embedder.EclipseLogger - Using platform encoding (Cp1258 actually) to copy filtered resources, i.e. build is platform dependent!
2017-09-19 15:59:24,233 [Worker-6] INFO  o.e.m.c.i.embedder.EclipseLogger - Copying 0 resource
2017-09-19 15:59:24,238 [Worker-6] WARN  o.e.m.c.i.embedder.EclipseLogger - Using platform encoding (Cp1258 actually) to copy filtered resources, i.e. build is platform dependent!
2017-09-19 15:59:24,239 [Worker-6] INFO  o.e.m.c.i.embedder.EclipseLogger - skip non existing resourceDirectory D:\VuTheHung\WorkSpace\Eclipse\JerseyRESTful\src\test\resources
2017-09-19 15:59:25,429 [Worker-6] WARN  o.e.m.c.i.embedder.EclipseLogger - Using platform encoding (Cp1258 actually) to copy filtered resources, i.e. build is platform dependent!
2017-09-19 15:59:25,430 [Worker-6] INFO  o.e.m.c.i.embedder.EclipseLogger - Copying 0 resource
2017-09-19 15:59:25,433 [Worker-6] WARN  o.e.m.c.i.embedder.EclipseLogger - Using platform encoding (Cp1258 actually) to copy filtered resources, i.e. build is platform dependent!
2017-09-19 15:59:25,434 [Worker-6] INFO  o.e.m.c.i.embedder.EclipseLogger - skip non existing resourceDirectory D:\VuTheHung\WorkSpace\Eclipse\SpringUploadFiles\src\test\resources
2017-09-19 15:59:56,557 [Worker-1] INFO  o.e.m.i.launch.MavenLaunchDelegate - D:\VuTheHung\WorkSpace\Eclipse\SpringUploadFiles
2017-09-19 15:59:56,560 [Worker-1] INFO  o.e.m.i.launch.MavenLaunchDelegate -  mvn -B tomcat7:run
2017-09-19 16:00:55,592 [Worker-5] WARN  o.e.m.c.i.embedder.EclipseLogger - Using platform encoding (Cp1258 actually) to copy filtered resources, i.e. build is platform dependent!
2017-09-19 16:00:55,597 [Worker-5] INFO  o.e.m.c.i.embedder.EclipseLogger - Copying 0 resource
2017-09-19 16:00:55,600 [Worker-5] WARN  o.e.m.c.i.embedder.EclipseLogger - Using platform encoding (Cp1258 actually) to copy filtered resources, i.e. build is platform dependent!
2017-09-19 16:00:55,601 [Worker-5] INFO  o.e.m.c.i.embedder.EclipseLogger - skip non existing resourceDirectory D:\VuTheHung\WorkSpace\Eclipse\SpringUploadFiles\src\test\resources
2017-09-19 16:01:14,553 [Worker-8] WARN  o.e.m.c.i.embedder.EclipseLogger - Using platform encoding (Cp1258 actually) to copy filtered resources, i.e. build is platform dependent!
2017-09-19 16:01:14,554 [Worker-8] INFO  o.e.m.c.i.embedder.EclipseLogger - Copying 0 resource
2017-09-19 16:01:14,557 [Worker-8] WARN  o.e.m.c.i.embedder.EclipseLogger - Using platform encoding (Cp1258 actually) to copy filtered resources, i.e. build is platform dependent!
2017-09-19 16:01:14,558 [Worker-8] INFO  o.e.m.c.i.embedder.EclipseLogger - skip non existing resourceDirectory D:\VuTheHung\WorkSpace\Eclipse\SpringUploadFiles\src\test\resources
